# JRE version: OpenJDK Runtime Environment (8.0_242-b01) (build 1.8.0_242-release-1644-b01)
# Java VM: OpenJDK 64-Bit Server VM (25.242-b01 mixed mode windows-amd64 compressed oops)
Heap:
 PSYoungGen      total 67072K, used 17937K [0x0000000775f80000, 0x000000077aa00000, 0x00000007c0000000)
  eden space 57856K, 31% used [0x0000000775f80000,0x0000000777104448,0x0000000779800000)
  from space 9216K, 0% used [0x0000000779800000,0x0000000779800000,0x000000077a100000)
  to   space 9216K, 0% used [0x000000077a100000,0x000000077a100000,0x000000077aa00000)
 ParOldGen       total 101888K, used 2985K [0x00000006e1e00000, 0x00000006e8180000, 0x0000000775f80000)
  object space 101888K, 2% used [0x00000006e1e00000,0x00000006e20ea7f8,0x00000006e8180000)
 Metaspace       used 9902K, capacity 10212K, committed 10496K, reserved 1064960K
  class space    used 1311K, capacity 1432K, committed 1536K, reserved 1048576K
GC Heap History (4 events):
Event: 0.872 GC heap before
{Heap before GC invocations=1 (full 0):
 PSYoungGen      total 67072K, used 21987K [0x0000000775f80000, 0x000000077aa00000, 0x00000007c0000000)
  eden space 57856K, 38% used [0x0000000775f80000,0x00000007774f8cc8,0x0000000779800000)
  from space 9216K, 0% used [0x000000077a100000,0x000000077a100000,0x000000077aa00000)
  to   space 9216K, 0% used [0x0000000779800000,0x0000000779800000,0x000000077a100000)
 ParOldGen       total 153088K, used 0K [0x00000006e1e00000, 0x00000006eb380000, 0x0000000775f80000)
  object space 153088K, 0% used [0x00000006e1e00000,0x00000006e1e00000,0x00000006eb380000)
 Metaspace       used 6748K, capacity 6904K, committed 7040K, reserved 1058816K
  class space    used 824K, capacity 884K, committed 896K, reserved 1048576K
Event: 0.879 GC heap after
Heap after GC invocations=1 (full 0):
 PSYoungGen      total 67072K, used 3186K [0x0000000775f80000, 0x000000077aa00000, 0x00000007c0000000)
  eden space 57856K, 0% used [0x0000000775f80000,0x0000000775f80000,0x0000000779800000)
  from space 9216K, 34% used [0x0000000779800000,0x0000000779b1c908,0x000000077a100000)
  to   space 9216K, 0% used [0x000000077a100000,0x000000077a100000,0x000000077aa00000)
 ParOldGen       total 153088K, used 8K [0x00000006e1e00000, 0x00000006eb380000, 0x0000000775f80000)
  object space 153088K, 0% used [0x00000006e1e00000,0x00000006e1e02000,0x00000006eb380000)
 Metaspace       used 6748K, capacity 6904K, committed 7040K, reserved 1058816K
  class space    used 824K, capacity 884K, committed 896K, reserved 1048576K
}
Event: 0.879 GC heap before
{Heap before GC invocations=2 (full 1):
 PSYoungGen      total 67072K, used 3186K [0x0000000775f80000, 0x000000077aa00000, 0x00000007c0000000)
  eden space 57856K, 0% used [0x0000000775f80000,0x0000000775f80000,0x0000000779800000)
  from space 9216K, 34% used [0x0000000779800000,0x0000000779b1c908,0x000000077a100000)
  to   space 9216K, 0% used [0x000000077a100000,0x000000077a100000,0x000000077aa00000)
 ParOldGen       total 153088K, used 8K [0x00000006e1e00000, 0x00000006eb380000, 0x0000000775f80000)
  object space 153088K, 0% used [0x00000006e1e00000,0x00000006e1e02000,0x00000006eb380000)
 Metaspace       used 6748K, capacity 6904K, committed 7040K, reserved 1058816K
  class space    used 824K, capacity 884K, committed 896K, reserved 1048576K
Event: 0.895 GC heap after
Heap after GC invocations=2 (full 1):
 PSYoungGen      total 67072K, used 0K [0x0000000775f80000, 0x000000077aa00000, 0x00000007c0000000)
  eden space 57856K, 0% used [0x0000000775f80000,0x0000000775f80000,0x0000000779800000)
  from space 9216K, 0% used [0x0000000779800000,0x0000000779800000,0x000000077a100000)
  to   space 9216K, 0% used [0x000000077a100000,0x000000077a100000,0x000000077aa00000)
 ParOldGen       total 101888K, used 2985K [0x00000006e1e00000, 0x00000006e8180000, 0x0000000775f80000)
  object space 101888K, 2% used [0x00000006e1e00000,0x00000006e20ea7f8,0x00000006e8180000)
 Metaspace       used 6748K, capacity 6904K, committed 7040K, reserved 1058816K
  class space    used 824K, capacity 884K, committed 896K, reserved 1048576K
}

